<?xml version="1.0" encoding="UTF-8"?>
<!-- Generated by org.testng.reporters.JUnitReportReporter -->
<testsuite hostname="sharanya" name="testng.Searching" tests="2" failures="0" timestamp="22 May 2021 09:59:44 GMT" time="64.297" errors="0">
  <testcase name="two" time="32.238" classname="testng.Searching"/>
  <testcase name="one" time="32.059" classname="testng.Searching"/>
</testsuite> <!-- testng.Searching -->
