<?xml version="1.0" encoding="UTF-8"?>
<!-- Generated by org.testng.reporters.JUnitReportReporter -->
<testsuite hostname="sharanya" name="testng.DataProviderConcept" tests="4" failures="0" timestamp="17 May 2021 02:55:54 GMT" time="0.027" errors="0">
  <testcase name="values" time="0.002" classname="testng.DataProviderConcept"/>
  <testcase name="values" time="0.002" classname="testng.DataProviderConcept"/>
  <testcase name="values" time="0.010" classname="testng.DataProviderConcept"/>
  <testcase name="values" time="0.013" classname="testng.DataProviderConcept"/>
</testsuite> <!-- testng.DataProviderConcept -->
