<?xml version="1.0" encoding="UTF-8"?>
<!-- Generated by org.testng.reporters.JUnitReportReporter -->
<testsuite hostname="sharanya" name="testng.MethodDependency" tests="2" failures="0" timestamp="22 May 2021 09:34:29 GMT" time="26.918" errors="0">
  <testcase name="test1" time="14.379" classname="testng.MethodDependency"/>
  <testcase name="test2" time="12.539" classname="testng.MethodDependency"/>
</testsuite> <!-- testng.MethodDependency -->
