<?xml version="1.0" encoding="UTF-8"?>
<!-- Generated by org.testng.reporters.JUnitReportReporter -->
<testsuite hostname="sharanya" name="selbasics.FlipkarthMobile" tests="1" failures="0" timestamp="22 May 2021 06:01:48 GMT" time="20.176" errors="0">
  <testcase name="testing" time="20.176" classname="selbasics.FlipkarthMobile"/>
</testsuite> <!-- selbasics.FlipkarthMobile -->
